20:17:04.768 [main] INFO  testCases.TC_001_AccountRegistrationTest - Validating expected message
20:17:04.774 [main] INFO  testCases.TC_001_AccountRegistrationTest - ***Finished TC_001_AccountRegistrationTest***
20:18:17.265 [main] INFO  testCases.TC_001_AccountRegistrationTest - ***Starting TC_001_AccountRegistrationTest***
20:18:17.342 [main] INFO  testCases.TC_001_AccountRegistrationTest - Click on My Account link
20:18:17.640 [main] INFO  testCases.TC_001_AccountRegistrationTest - Clicked on register link
20:18:17.647 [main] INFO  testCases.TC_001_AccountRegistrationTest - Providing Customer data
20:18:20.362 [main] INFO  testCases.TC_001_AccountRegistrationTest - Clicked on Continue
20:18:20.393 [main] INFO  testCases.TC_001_AccountRegistrationTest - Validating expected message
20:18:20.395 [main] INFO  testCases.TC_001_AccountRegistrationTest - ***Finished TC_001_AccountRegistrationTest***
20:19:17.013 [main] INFO  testCases.TC_001_AccountRegistrationTest - ***Starting TC_001_AccountRegistrationTest***
20:19:17.078 [main] INFO  testCases.TC_001_AccountRegistrationTest - Click on My Account link
20:19:17.377 [main] INFO  testCases.TC_001_AccountRegistrationTest - Clicked on register link
20:19:17.380 [main] INFO  testCases.TC_001_AccountRegistrationTest - Providing Customer data
20:19:20.147 [main] INFO  testCases.TC_001_AccountRegistrationTest - Clicked on Continue
20:19:20.175 [main] INFO  testCases.TC_001_AccountRegistrationTest - Validating expected message
20:19:20.177 [main] INFO  testCases.TC_001_AccountRegistrationTest - ***Finished TC_001_AccountRegistrationTest***
20:28:30.940 [main] INFO  testCases.TC_001_AccountRegistrationTest - ***Starting TC_001_AccountRegistrationTest***
20:28:31.003 [main] INFO  testCases.TC_001_AccountRegistrationTest - Click on My Account link
20:28:31.308 [main] INFO  testCases.TC_001_AccountRegistrationTest - Clicked on register link
20:28:31.310 [main] INFO  testCases.TC_001_AccountRegistrationTest - Providing Customer data
20:28:34.059 [main] INFO  testCases.TC_001_AccountRegistrationTest - Clicked on Continue
20:28:34.089 [main] INFO  testCases.TC_001_AccountRegistrationTest - Validating expected message
20:28:34.091 [main] INFO  testCases.TC_001_AccountRegistrationTest - ***Finished TC_001_AccountRegistrationTest***
20:28:36.116 [main] INFO  testCases.TC_002_LoginTest - ***Starting TC_002_LoginTest***
20:28:36.194 [main] INFO  testCases.TC_002_LoginTest - clicked on my account link
20:28:36.531 [main] INFO  testCases.TC_002_LoginTest - CLicked on login menu of Dropdown
20:28:36.535 [main] INFO  testCases.TC_002_LoginTest - This is loginpage
20:28:36.605 [main] INFO  testCases.TC_002_LoginTest - Entered email
20:28:36.663 [main] INFO  testCases.TC_002_LoginTest - Entered password
20:28:37.055 [main] INFO  testCases.TC_002_LoginTest - Clicked on Login Button
20:36:00.050 [main] INFO  testCases.TC_001_AccountRegistrationTest - ***Starting TC_001_AccountRegistrationTest***
20:36:00.129 [main] INFO  testCases.TC_001_AccountRegistrationTest - Click on My Account link
20:36:00.428 [main] INFO  testCases.TC_001_AccountRegistrationTest - Clicked on register link
20:36:00.430 [main] INFO  testCases.TC_001_AccountRegistrationTest - Providing Customer data
20:36:03.193 [main] INFO  testCases.TC_001_AccountRegistrationTest - Clicked on Continue
20:36:03.222 [main] INFO  testCases.TC_001_AccountRegistrationTest - Validating expected message
20:36:03.224 [main] INFO  testCases.TC_001_AccountRegistrationTest - ***Finished TC_001_AccountRegistrationTest***
20:36:05.144 [main] INFO  testCases.TC_002_LoginTest - ***Starting TC_002_LoginTest***
20:36:05.213 [main] INFO  testCases.TC_002_LoginTest - clicked on my account link
20:36:05.452 [main] INFO  testCases.TC_002_LoginTest - CLicked on login menu of Dropdown
20:36:05.461 [main] INFO  testCases.TC_002_LoginTest - This is loginpage
20:36:05.532 [main] INFO  testCases.TC_002_LoginTest - Entered email
20:36:05.582 [main] INFO  testCases.TC_002_LoginTest - Entered password
20:36:05.841 [main] INFO  testCases.TC_002_LoginTest - Clicked on Login Button
19:55:14.575 [main] INFO  testCases.TC_002_LoginTest - ***Starting TC_002_LoginTest***
19:55:14.723 [main] INFO  testCases.TC_002_LoginTest - clicked on my account link
19:55:15.409 [main] INFO  testCases.TC_002_LoginTest - CLicked on login menu of Dropdown
19:55:15.417 [main] INFO  testCases.TC_002_LoginTest - This is loginpage
19:55:15.518 [main] INFO  testCases.TC_002_LoginTest - Entered email
19:55:15.594 [main] INFO  testCases.TC_002_LoginTest - Entered password
19:55:16.273 [main] INFO  testCases.TC_002_LoginTest - Clicked on Login Button
19:55:19.193 [main] INFO  testCases.TC_001_AccountRegistrationTest - ***Starting TC_001_AccountRegistrationTest***
19:55:19.286 [main] INFO  testCases.TC_001_AccountRegistrationTest - Click on My Account link
19:55:19.987 [main] INFO  testCases.TC_001_AccountRegistrationTest - Clicked on register link
19:55:19.994 [main] INFO  testCases.TC_001_AccountRegistrationTest - Providing Customer data
19:55:23.199 [main] INFO  testCases.TC_001_AccountRegistrationTest - Clicked on Continue
19:55:23.226 [main] INFO  testCases.TC_001_AccountRegistrationTest - Validating expected message
19:55:23.226 [main] INFO  testCases.TC_001_AccountRegistrationTest - ***Finished TC_001_AccountRegistrationTest***
19:59:01.408 [main] INFO  testCases.TC_002_LoginTest - ***Starting TC_002_LoginTest***
19:59:01.505 [main] INFO  testCases.TC_002_LoginTest - clicked on my account link
19:59:01.928 [main] INFO  testCases.TC_002_LoginTest - CLicked on login menu of Dropdown
19:59:01.934 [main] INFO  testCases.TC_002_LoginTest - This is loginpage
19:59:02.014 [main] INFO  testCases.TC_002_LoginTest - Entered email
19:59:02.083 [main] INFO  testCases.TC_002_LoginTest - Entered password
19:59:02.527 [main] INFO  testCases.TC_002_LoginTest - Clicked on Login Button
19:59:05.066 [main] INFO  testCases.TC_001_AccountRegistrationTest - ***Starting TC_001_AccountRegistrationTest***
19:59:05.145 [main] INFO  testCases.TC_001_AccountRegistrationTest - Click on My Account link
19:59:05.599 [main] INFO  testCases.TC_001_AccountRegistrationTest - Clicked on register link
19:59:05.607 [main] INFO  testCases.TC_001_AccountRegistrationTest - Providing Customer data
19:59:08.567 [main] INFO  testCases.TC_001_AccountRegistrationTest - Clicked on Continue
19:59:08.599 [main] INFO  testCases.TC_001_AccountRegistrationTest - Validating expected message
19:59:08.599 [main] INFO  testCases.TC_001_AccountRegistrationTest - ***Finished TC_001_AccountRegistrationTest***
20:08:10.002 [main] INFO  testCases.TC_002_LoginTest - ***Starting TC_002_LoginTest***
20:08:10.101 [main] INFO  testCases.TC_002_LoginTest - clicked on my account link
20:08:10.423 [main] INFO  testCases.TC_002_LoginTest - CLicked on login menu of Dropdown
20:08:10.426 [main] INFO  testCases.TC_002_LoginTest - This is loginpage
20:08:10.506 [main] INFO  testCases.TC_002_LoginTest - Entered email
20:08:10.562 [main] INFO  testCases.TC_002_LoginTest - Entered password
20:08:10.927 [main] INFO  testCases.TC_002_LoginTest - Clicked on Login Button
20:08:46.524 [main] INFO  testCases.TC_002_LoginTest - ***Starting TC_002_LoginTest***
20:08:46.603 [main] INFO  testCases.TC_002_LoginTest - clicked on my account link
20:08:46.906 [main] INFO  testCases.TC_002_LoginTest - CLicked on login menu of Dropdown
20:08:46.910 [main] INFO  testCases.TC_002_LoginTest - This is loginpage
20:08:46.999 [main] INFO  testCases.TC_002_LoginTest - Entered email
20:08:47.058 [main] INFO  testCases.TC_002_LoginTest - Entered password
20:08:47.383 [main] INFO  testCases.TC_002_LoginTest - Clicked on Login Button
20:09:44.729 [main] INFO  testCases.TC_002_LoginTest - ***Starting TC_002_LoginTest***
20:09:44.803 [main] INFO  testCases.TC_002_LoginTest - clicked on my account link
20:09:45.085 [main] INFO  testCases.TC_002_LoginTest - CLicked on login menu of Dropdown
20:09:45.090 [main] INFO  testCases.TC_002_LoginTest - This is loginpage
20:09:45.184 [main] INFO  testCases.TC_002_LoginTest - Entered email
20:09:45.239 [main] INFO  testCases.TC_002_LoginTest - Entered password
20:09:45.571 [main] INFO  testCases.TC_002_LoginTest - Clicked on Login Button
20:09:47.705 [main] INFO  testCases.TC_001_AccountRegistrationTest - ***Starting TC_001_AccountRegistrationTest***
20:09:47.774 [main] INFO  testCases.TC_001_AccountRegistrationTest - Click on My Account link
20:09:48.114 [main] INFO  testCases.TC_001_AccountRegistrationTest - Clicked on register link
20:09:48.117 [main] INFO  testCases.TC_001_AccountRegistrationTest - Providing Customer data
20:09:50.944 [main] INFO  testCases.TC_001_AccountRegistrationTest - Clicked on Continue
20:09:50.975 [main] INFO  testCases.TC_001_AccountRegistrationTest - Validating expected message
20:09:50.975 [main] INFO  testCases.TC_001_AccountRegistrationTest - ***Finished TC_001_AccountRegistrationTest***
20:10:47.086 [main] INFO  testCases.TC_002_LoginTest - ***Starting TC_002_LoginTest***
20:10:47.177 [main] INFO  testCases.TC_002_LoginTest - clicked on my account link
20:10:47.464 [main] INFO  testCases.TC_002_LoginTest - CLicked on login menu of Dropdown
20:10:47.472 [main] INFO  testCases.TC_002_LoginTest - This is loginpage
20:10:47.553 [main] INFO  testCases.TC_002_LoginTest - Entered email
20:10:47.612 [main] INFO  testCases.TC_002_LoginTest - Entered password
20:10:47.943 [main] INFO  testCases.TC_002_LoginTest - Clicked on Login Button
20:10:49.899 [main] INFO  testCases.TC_001_AccountRegistrationTest - ***Starting TC_001_AccountRegistrationTest***
20:10:49.968 [main] INFO  testCases.TC_001_AccountRegistrationTest - Click on My Account link
20:10:50.267 [main] INFO  testCases.TC_001_AccountRegistrationTest - Clicked on register link
20:10:50.275 [main] INFO  testCases.TC_001_AccountRegistrationTest - Providing Customer data
20:10:53.078 [main] INFO  testCases.TC_001_AccountRegistrationTest - Clicked on Continue
20:10:53.113 [main] INFO  testCases.TC_001_AccountRegistrationTest - Validating expected message
20:10:53.113 [main] INFO  testCases.TC_001_AccountRegistrationTest - ***Finished TC_001_AccountRegistrationTest***
20:28:16.245 [main] INFO  testCases.TC_002_LoginTest - ***Starting TC_002_LoginTest***
20:28:16.502 [main] INFO  testCases.TC_002_LoginTest - clicked on my account link
20:28:16.830 [main] INFO  testCases.TC_002_LoginTest - CLicked on login menu of Dropdown
20:28:16.833 [main] INFO  testCases.TC_002_LoginTest - This is loginpage
20:28:16.907 [main] INFO  testCases.TC_002_LoginTest - Entered email
20:28:16.965 [main] INFO  testCases.TC_002_LoginTest - Entered password
20:28:17.288 [main] INFO  testCases.TC_002_LoginTest - Clicked on Login Button
20:28:19.673 [main] INFO  testCases.TC_001_AccountRegistrationTest - ***Starting TC_001_AccountRegistrationTest***
20:28:19.754 [main] INFO  testCases.TC_001_AccountRegistrationTest - Click on My Account link
20:28:20.071 [main] INFO  testCases.TC_001_AccountRegistrationTest - Clicked on register link
20:28:20.076 [main] INFO  testCases.TC_001_AccountRegistrationTest - Providing Customer data
20:28:22.955 [main] INFO  testCases.TC_001_AccountRegistrationTest - Clicked on Continue
20:28:23.001 [main] INFO  testCases.TC_001_AccountRegistrationTest - Validating expected message
20:28:23.001 [main] INFO  testCases.TC_001_AccountRegistrationTest - ***Finished TC_001_AccountRegistrationTest***
20:31:44.690 [main] INFO  testCases.TC_002_LoginTest - ***Starting TC_002_LoginTest***
20:31:44.775 [main] INFO  testCases.TC_002_LoginTest - clicked on my account link
20:31:45.121 [main] INFO  testCases.TC_002_LoginTest - CLicked on login menu of Dropdown
20:31:45.125 [main] INFO  testCases.TC_002_LoginTest - This is loginpage
20:31:45.207 [main] INFO  testCases.TC_002_LoginTest - Entered email
20:31:45.277 [main] INFO  testCases.TC_002_LoginTest - Entered password
20:31:45.579 [main] INFO  testCases.TC_002_LoginTest - Clicked on Login Button
20:31:47.570 [main] INFO  testCases.TC_001_AccountRegistrationTest - ***Starting TC_001_AccountRegistrationTest***
20:31:47.627 [main] INFO  testCases.TC_001_AccountRegistrationTest - Click on My Account link
20:31:47.948 [main] INFO  testCases.TC_001_AccountRegistrationTest - Clicked on register link
20:31:47.955 [main] INFO  testCases.TC_001_AccountRegistrationTest - Providing Customer data
20:31:50.745 [main] INFO  testCases.TC_001_AccountRegistrationTest - Clicked on Continue
20:31:50.777 [main] INFO  testCases.TC_001_AccountRegistrationTest - Validating expected message
20:31:50.777 [main] INFO  testCases.TC_001_AccountRegistrationTest - ***Finished TC_001_AccountRegistrationTest***
20:37:59.091 [main] INFO  testCases.TC_002_LoginTest - ***Starting TC_002_LoginTest***
20:37:59.192 [main] INFO  testCases.TC_002_LoginTest - clicked on my account link
20:37:59.512 [main] INFO  testCases.TC_002_LoginTest - CLicked on login menu of Dropdown
20:37:59.521 [main] INFO  testCases.TC_002_LoginTest - This is loginpage
20:37:59.613 [main] INFO  testCases.TC_002_LoginTest - Entered email
20:37:59.677 [main] INFO  testCases.TC_002_LoginTest - Entered password
20:37:59.962 [main] INFO  testCases.TC_002_LoginTest - Clicked on Login Button
20:38:02.029 [main] INFO  testCases.TC_001_AccountRegistrationTest - ***Starting TC_001_AccountRegistrationTest***
20:38:02.097 [main] INFO  testCases.TC_001_AccountRegistrationTest - Click on My Account link
20:38:02.429 [main] INFO  testCases.TC_001_AccountRegistrationTest - Clicked on register link
20:38:02.434 [main] INFO  testCases.TC_001_AccountRegistrationTest - Providing Customer data
20:38:05.257 [main] INFO  testCases.TC_001_AccountRegistrationTest - Clicked on Continue
20:38:05.284 [main] INFO  testCases.TC_001_AccountRegistrationTest - Validating expected message
20:38:05.285 [main] INFO  testCases.TC_001_AccountRegistrationTest - ***Finished TC_001_AccountRegistrationTest***
20:47:28.653 [main] INFO  testCases.TC_002_LoginTest - ***Starting TC_002_LoginTest***
20:47:28.754 [main] INFO  testCases.TC_002_LoginTest - clicked on my account link
20:47:29.109 [main] INFO  testCases.TC_002_LoginTest - CLicked on login menu of Dropdown
20:47:29.117 [main] INFO  testCases.TC_002_LoginTest - This is loginpage
20:47:29.210 [main] INFO  testCases.TC_002_LoginTest - Entered email
20:47:29.282 [main] INFO  testCases.TC_002_LoginTest - Entered password
20:47:31.999 [main] INFO  testCases.TC_001_AccountRegistrationTest - ***Starting TC_001_AccountRegistrationTest***
20:47:32.065 [main] INFO  testCases.TC_001_AccountRegistrationTest - Click on My Account link
20:47:32.434 [main] INFO  testCases.TC_001_AccountRegistrationTest - Clicked on register link
20:47:32.445 [main] INFO  testCases.TC_001_AccountRegistrationTest - Providing Customer data
20:47:35.393 [main] INFO  testCases.TC_001_AccountRegistrationTest - Clicked on Continue
20:47:35.425 [main] ERROR testCases.TC_001_AccountRegistrationTest - Test Failed
20:48:42.870 [main] INFO  testCases.TC_001_AccountRegistrationTest - ***Starting TC_001_AccountRegistrationTest***
20:48:42.948 [main] INFO  testCases.TC_001_AccountRegistrationTest - Click on My Account link
20:48:43.325 [main] INFO  testCases.TC_001_AccountRegistrationTest - Clicked on register link
20:48:43.327 [main] INFO  testCases.TC_001_AccountRegistrationTest - Providing Customer data
20:48:46.166 [main] INFO  testCases.TC_001_AccountRegistrationTest - Clicked on Continue
20:48:46.193 [main] INFO  testCases.TC_001_AccountRegistrationTest - Validating expected message
20:48:46.194 [main] INFO  testCases.TC_001_AccountRegistrationTest - ***Finished TC_001_AccountRegistrationTest***
20:48:48.042 [main] INFO  testCases.TC_002_LoginTest - ***Starting TC_002_LoginTest***
20:48:48.108 [main] INFO  testCases.TC_002_LoginTest - clicked on my account link
20:48:48.396 [main] INFO  testCases.TC_002_LoginTest - CLicked on login menu of Dropdown
20:48:48.398 [main] INFO  testCases.TC_002_LoginTest - This is loginpage
20:48:48.471 [main] INFO  testCases.TC_002_LoginTest - Entered email
20:48:48.527 [main] INFO  testCases.TC_002_LoginTest - Entered password
20:48:48.840 [main] INFO  testCases.TC_002_LoginTest - Clicked on Login Button
20:50:03.322 [main] INFO  testCases.TC_001_AccountRegistrationTest - ***Starting TC_001_AccountRegistrationTest***
20:50:03.403 [main] INFO  testCases.TC_001_AccountRegistrationTest - Click on My Account link
20:50:03.768 [main] INFO  testCases.TC_001_AccountRegistrationTest - Clicked on register link
20:50:03.770 [main] INFO  testCases.TC_001_AccountRegistrationTest - Providing Customer data
20:50:06.629 [main] INFO  testCases.TC_001_AccountRegistrationTest - Clicked on Continue
20:50:06.660 [main] INFO  testCases.TC_001_AccountRegistrationTest - Validating expected message
20:50:06.661 [main] INFO  testCases.TC_001_AccountRegistrationTest - ***Finished TC_001_AccountRegistrationTest***
20:50:11.057 [main] INFO  testCases.TC_002_LoginTest - ***Starting TC_002_LoginTest***
20:50:11.138 [main] INFO  testCases.TC_002_LoginTest - clicked on my account link
20:50:11.403 [main] INFO  testCases.TC_002_LoginTest - CLicked on login menu of Dropdown
20:50:11.409 [main] INFO  testCases.TC_002_LoginTest - This is loginpage
20:50:11.477 [main] INFO  testCases.TC_002_LoginTest - Entered email
20:50:11.528 [main] INFO  testCases.TC_002_LoginTest - Entered password
20:50:11.826 [main] INFO  testCases.TC_002_LoginTest - Clicked on Login Button
20:51:47.491 [main] INFO  testCases.TC_001_AccountRegistrationTest - ***Starting TC_001_AccountRegistrationTest***
20:51:47.598 [main] INFO  testCases.TC_001_AccountRegistrationTest - Click on My Account link
20:51:47.949 [main] INFO  testCases.TC_001_AccountRegistrationTest - Clicked on register link
20:51:47.951 [main] INFO  testCases.TC_001_AccountRegistrationTest - Providing Customer data
20:51:50.771 [main] INFO  testCases.TC_001_AccountRegistrationTest - Clicked on Continue
20:51:50.798 [main] INFO  testCases.TC_001_AccountRegistrationTest - Validating expected message
20:51:50.800 [main] INFO  testCases.TC_001_AccountRegistrationTest - ***Finished TC_001_AccountRegistrationTest***
20:51:53.335 [main] INFO  testCases.TC_002_LoginTest - ***Starting TC_002_LoginTest***
20:51:53.415 [main] INFO  testCases.TC_002_LoginTest - clicked on my account link
20:51:53.713 [main] INFO  testCases.TC_002_LoginTest - CLicked on login menu of Dropdown
20:51:53.715 [main] INFO  testCases.TC_002_LoginTest - This is loginpage
20:51:53.793 [main] INFO  testCases.TC_002_LoginTest - Entered email
20:51:53.848 [main] INFO  testCases.TC_002_LoginTest - Entered password
20:51:54.157 [main] INFO  testCases.TC_002_LoginTest - Clicked on Login Button
21:00:17.243 [main] INFO  testCases.TC_001_AccountRegistrationTest - ***Starting TC_001_AccountRegistrationTest***
21:00:17.341 [main] INFO  testCases.TC_001_AccountRegistrationTest - Click on My Account link
21:00:17.669 [main] INFO  testCases.TC_001_AccountRegistrationTest - Clicked on register link
21:00:17.673 [main] INFO  testCases.TC_001_AccountRegistrationTest - Providing Customer data
21:00:20.499 [main] INFO  testCases.TC_001_AccountRegistrationTest - Clicked on Continue
21:00:20.530 [main] INFO  testCases.TC_001_AccountRegistrationTest - Validating expected message
21:00:22.647 [main] INFO  testCases.TC_002_LoginTest - ***Starting TC_002_LoginTest***
21:00:22.713 [main] INFO  testCases.TC_002_LoginTest - clicked on my account link
21:00:22.965 [main] INFO  testCases.TC_002_LoginTest - CLicked on login menu of Dropdown
21:00:22.967 [main] INFO  testCases.TC_002_LoginTest - This is loginpage
21:00:23.041 [main] INFO  testCases.TC_002_LoginTest - Entered email
21:00:23.099 [main] INFO  testCases.TC_002_LoginTest - Entered password
21:00:23.381 [main] INFO  testCases.TC_002_LoginTest - Clicked on Login Button
22:00:44.021 [main] INFO  testCases.TC_001_AccountRegistrationTest - ***Starting TC_001_AccountRegistrationTest***
22:00:44.122 [main] INFO  testCases.TC_001_AccountRegistrationTest - Click on My Account link
22:00:44.760 [main] INFO  testCases.TC_001_AccountRegistrationTest - Clicked on register link
22:00:44.767 [main] INFO  testCases.TC_001_AccountRegistrationTest - Providing Customer data
22:00:47.843 [main] INFO  testCases.TC_001_AccountRegistrationTest - Clicked on Continue
22:00:47.873 [main] INFO  testCases.TC_001_AccountRegistrationTest - Validating expected message
22:00:47.875 [main] INFO  testCases.TC_001_AccountRegistrationTest - ***Finished TC_001_AccountRegistrationTest***
22:00:50.818 [main] INFO  testCases.TC_002_LoginTest - ***Starting TC_002_LoginTest***
22:00:50.899 [main] INFO  testCases.TC_002_LoginTest - clicked on my account link
22:00:51.286 [main] INFO  testCases.TC_002_LoginTest - CLicked on login menu of Dropdown
22:00:51.289 [main] INFO  testCases.TC_002_LoginTest - This is loginpage
22:00:51.364 [main] INFO  testCases.TC_002_LoginTest - Entered email
22:00:51.418 [main] INFO  testCases.TC_002_LoginTest - Entered password
22:00:51.803 [main] INFO  testCases.TC_002_LoginTest - Clicked on Login Button
16:43:57.611 [main] INFO  testCases.TC_001_AccountRegistrationTest - ***Starting TC_001_AccountRegistrationTest***
16:43:57.744 [main] INFO  testCases.TC_001_AccountRegistrationTest - Click on My Account link
16:43:58.680 [main] INFO  testCases.TC_001_AccountRegistrationTest - Clicked on register link
16:43:58.690 [main] INFO  testCases.TC_001_AccountRegistrationTest - Providing Customer data
16:44:02.119 [main] INFO  testCases.TC_001_AccountRegistrationTest - Clicked on Continue
16:44:02.153 [main] INFO  testCases.TC_001_AccountRegistrationTest - Validating expected message
16:44:02.156 [main] INFO  testCases.TC_001_AccountRegistrationTest - ***Finished TC_001_AccountRegistrationTest***
16:44:04.493 [main] INFO  testCases.TC_002_LoginTest - ***Starting TC_002_LoginTest***
16:44:04.545 [main] INFO  testCases.TC_002_LoginTest - clicked on my account link
16:44:05.059 [main] INFO  testCases.TC_002_LoginTest - CLicked on login menu of Dropdown
16:44:05.062 [main] INFO  testCases.TC_002_LoginTest - This is loginpage
16:44:05.137 [main] INFO  testCases.TC_002_LoginTest - Entered email
16:44:05.191 [main] INFO  testCases.TC_002_LoginTest - Entered password
16:44:05.775 [main] INFO  testCases.TC_002_LoginTest - Clicked on Login Button
17:11:53.049 [main] INFO  testCases.TC_001_AccountRegistrationTest - ***Starting TC_001_AccountRegistrationTest***
17:11:53.144 [main] INFO  testCases.TC_001_AccountRegistrationTest - Click on My Account link
17:11:53.802 [main] INFO  testCases.TC_001_AccountRegistrationTest - Clicked on register link
17:11:53.812 [main] INFO  testCases.TC_001_AccountRegistrationTest - Providing Customer data
17:11:56.833 [main] INFO  testCases.TC_001_AccountRegistrationTest - Clicked on Continue
17:11:56.865 [main] INFO  testCases.TC_001_AccountRegistrationTest - Validating expected message
17:11:56.866 [main] INFO  testCases.TC_001_AccountRegistrationTest - ***Finished TC_001_AccountRegistrationTest***
17:12:00.593 [main] INFO  testCases.TC_002_LoginTest - ***Starting TC_002_LoginTest***
17:12:00.685 [main] INFO  testCases.TC_002_LoginTest - clicked on my account link
17:12:01.136 [main] INFO  testCases.TC_002_LoginTest - CLicked on login menu of Dropdown
17:12:01.142 [main] INFO  testCases.TC_002_LoginTest - This is loginpage
17:12:01.223 [main] INFO  testCases.TC_002_LoginTest - Entered email
17:12:01.282 [main] INFO  testCases.TC_002_LoginTest - Entered password
17:12:01.782 [main] INFO  testCases.TC_002_LoginTest - Clicked on Login Button
15:04:45.305 [main] INFO  testCases.TC_004_SearchProductTest -  Finished TC_004_SearchProductTest
15:18:57.160 [main] INFO  testCases.TC_001_AccountRegistrationTest - ***Starting TC_001_AccountRegistrationTest***
15:18:57.354 [main] INFO  testCases.TC_001_AccountRegistrationTest - Click on My Account link
15:18:58.369 [main] INFO  testCases.TC_001_AccountRegistrationTest - Clicked on register link
15:18:58.372 [main] INFO  testCases.TC_001_AccountRegistrationTest - Providing Customer data
15:19:02.026 [main] INFO  testCases.TC_001_AccountRegistrationTest - Clicked on Continue
15:19:02.071 [main] INFO  testCases.TC_001_AccountRegistrationTest - Validating expected message
15:19:02.075 [main] INFO  testCases.TC_001_AccountRegistrationTest - ***Finished TC_001_AccountRegistrationTest***
15:19:06.995 [main] INFO  testCases.TC_002_LoginTest - ***Starting TC_002_LoginTest***
15:19:07.135 [main] INFO  testCases.TC_002_LoginTest - clicked on my account link
15:19:07.788 [main] INFO  testCases.TC_002_LoginTest - CLicked on login menu of Dropdown
15:19:07.794 [main] INFO  testCases.TC_002_LoginTest - This is loginpage
15:19:07.949 [main] INFO  testCases.TC_002_LoginTest - Entered email
15:19:08.068 [main] INFO  testCases.TC_002_LoginTest - Entered password
15:19:08.720 [main] INFO  testCases.TC_002_LoginTest - Clicked on Login Button
15:19:14.574 [main] INFO  testCases.TC_004_SearchProductTest -  Finished TC_004_SearchProductTest
15:42:43.675 [main] INFO  testCases.TC_004_SearchProductTest -  Finished TC_004_SearchProductTest
15:44:09.696 [main] INFO  testCases.TC_004_SearchProductTest -  Finished TC_004_SearchProductTest
15:44:14.430 [main] INFO  testCases.TC_005_AddToCartTest - Started TC_005_AddToCartTest
15:44:18.177 [main] INFO  testCases.TC_005_AddToCartTest - Finished TC_005_AddToCartTest
20:33:31.786 [main] INFO  testCases.TC_004_SearchProductTest -  Finished TC_004_SearchProductTest
20:33:34.577 [main] INFO  testCases.TC_005_AddToCartTest - Started TC_005_AddToCartTest
20:33:37.308 [main] INFO  testCases.TC_005_AddToCartTest - Finished TC_005_AddToCartTest
20:59:46.077 [main] INFO  testCases.TC_EndToEndTest - Staring Account Registration
21:19:48.354 [main] INFO  testCases.TC_EndToEndTest - Staring Account Registration
21:31:53.773 [main] INFO  testCases.TC_001_AccountRegistrationTest - ***Starting TC_001_AccountRegistrationTest***
21:31:53.850 [main] INFO  testCases.TC_001_AccountRegistrationTest - Click on My Account link
21:31:54.286 [main] INFO  testCases.TC_001_AccountRegistrationTest - Clicked on register link
21:31:54.289 [main] INFO  testCases.TC_001_AccountRegistrationTest - Providing Customer data
21:31:57.241 [main] INFO  testCases.TC_001_AccountRegistrationTest - Clicked on Continue
21:31:57.264 [main] INFO  testCases.TC_001_AccountRegistrationTest - Validating expected message
21:31:57.266 [main] INFO  testCases.TC_001_AccountRegistrationTest - ***Finished TC_001_AccountRegistrationTest***
21:31:58.889 [main] INFO  testCases.TC_002_LoginTest - ***Starting TC_002_LoginTest***
21:31:58.985 [main] INFO  testCases.TC_002_LoginTest - clicked on my account link
21:31:59.261 [main] INFO  testCases.TC_002_LoginTest - CLicked on login menu of Dropdown
21:31:59.269 [main] INFO  testCases.TC_002_LoginTest - This is loginpage
21:31:59.339 [main] INFO  testCases.TC_002_LoginTest - Entered email
21:31:59.391 [main] INFO  testCases.TC_002_LoginTest - Entered password
21:31:59.705 [main] INFO  testCases.TC_002_LoginTest - Clicked on Login Button
