20:06:43.685 [main] INFO  testCases.TC_001_AccountRegistrationTest - ***Starting TC_001_AccountRegistrationTest***
20:06:43.822 [main] INFO  testCases.TC_001_AccountRegistrationTest - Click on My Account link
20:06:44.437 [main] INFO  testCases.TC_001_AccountRegistrationTest - Clicked on register link
20:06:44.448 [main] INFO  testCases.TC_001_AccountRegistrationTest - Providing Customer data
20:06:47.650 [main] INFO  testCases.TC_001_AccountRegistrationTest - Clicked on Continue
20:06:47.680 [main] INFO  testCases.TC_001_AccountRegistrationTest - Validating expected message
20:06:47.697 [main] INFO  testCases.TC_001_AccountRegistrationTest - ***Finished TC_001_AccountRegistrationTest***
21:32:41.615 [main] INFO  testCases.TC_001_AccountRegistrationTest - ***Starting TC_001_AccountRegistrationTest***
21:32:41.737 [main] INFO  testCases.TC_001_AccountRegistrationTest - Click on My Account link
21:32:42.625 [main] INFO  testCases.TC_001_AccountRegistrationTest - Clicked on register link
21:32:42.629 [main] INFO  testCases.TC_001_AccountRegistrationTest - Providing Customer data
21:32:46.116 [main] INFO  testCases.TC_001_AccountRegistrationTest - Clicked on Continue
21:32:46.148 [main] INFO  testCases.TC_001_AccountRegistrationTest - Validating expected message
21:32:46.152 [main] INFO  testCases.TC_001_AccountRegistrationTest - ***Finished TC_001_AccountRegistrationTest***
20:52:12.556 [main] INFO  testCases.TC_001_AccountRegistrationTest - ***Starting TC_001_AccountRegistrationTest***
20:52:12.672 [main] INFO  testCases.TC_001_AccountRegistrationTest - Click on My Account link
20:52:13.614 [main] INFO  testCases.TC_001_AccountRegistrationTest - Clicked on register link
20:52:13.619 [main] INFO  testCases.TC_001_AccountRegistrationTest - Providing Customer data
20:52:17.123 [main] INFO  testCases.TC_001_AccountRegistrationTest - Clicked on Continue
20:52:17.160 [main] INFO  testCases.TC_001_AccountRegistrationTest - Validating expected message
20:52:17.163 [main] INFO  testCases.TC_001_AccountRegistrationTest - ***Finished TC_001_AccountRegistrationTest***
20:54:24.888 [main] INFO  testCases.TC_001_AccountRegistrationTest - ***Starting TC_001_AccountRegistrationTest***
20:54:25.025 [main] INFO  testCases.TC_001_AccountRegistrationTest - Click on My Account link
20:54:25.640 [main] INFO  testCases.TC_001_AccountRegistrationTest - Clicked on register link
20:54:25.642 [main] INFO  testCases.TC_001_AccountRegistrationTest - Providing Customer data
20:54:28.788 [main] INFO  testCases.TC_001_AccountRegistrationTest - Clicked on Continue
20:54:28.815 [main] INFO  testCases.TC_001_AccountRegistrationTest - Validating expected message
20:54:28.820 [main] INFO  testCases.TC_001_AccountRegistrationTest - ***Finished TC_001_AccountRegistrationTest***
21:04:43.618 [TestNG-tests-1] INFO  testCases.TC_001_AccountRegistrationTest - ***Starting TC_001_AccountRegistrationTest***
21:04:44.021 [TestNG-tests-1] INFO  testCases.TC_001_AccountRegistrationTest - Click on My Account link
21:04:44.760 [TestNG-tests-1] INFO  testCases.TC_001_AccountRegistrationTest - Clicked on register link
21:04:44.766 [TestNG-tests-1] INFO  testCases.TC_001_AccountRegistrationTest - Providing Customer data
21:04:45.838 [TestNG-tests-2] INFO  testCases.TC_001_AccountRegistrationTest - ***Starting TC_001_AccountRegistrationTest***
21:04:45.947 [TestNG-tests-2] INFO  testCases.TC_001_AccountRegistrationTest - Click on My Account link
21:04:46.590 [TestNG-tests-2] INFO  testCases.TC_001_AccountRegistrationTest - Clicked on register link
21:04:46.598 [TestNG-tests-2] INFO  testCases.TC_001_AccountRegistrationTest - Providing Customer data
21:04:48.113 [TestNG-tests-1] INFO  testCases.TC_001_AccountRegistrationTest - Clicked on Continue
21:04:48.144 [TestNG-tests-1] INFO  testCases.TC_001_AccountRegistrationTest - Validating expected message
21:04:48.147 [TestNG-tests-1] INFO  testCases.TC_001_AccountRegistrationTest - ***Finished TC_001_AccountRegistrationTest***
21:04:49.886 [TestNG-tests-2] INFO  testCases.TC_001_AccountRegistrationTest - Clicked on Continue
21:04:49.927 [TestNG-tests-2] INFO  testCases.TC_001_AccountRegistrationTest - Validating expected message
21:04:49.927 [TestNG-tests-2] INFO  testCases.TC_001_AccountRegistrationTest - ***Finished TC_001_AccountRegistrationTest***
21:30:50.563 [main] INFO  testCases.TC_001_AccountRegistrationTest - ***Starting TC_001_AccountRegistrationTest***
21:30:50.677 [main] INFO  testCases.TC_001_AccountRegistrationTest - Click on My Account link
21:30:51.160 [main] INFO  testCases.TC_001_AccountRegistrationTest - Clicked on register link
21:30:51.164 [main] INFO  testCases.TC_001_AccountRegistrationTest - Providing Customer data
21:30:54.291 [main] INFO  testCases.TC_001_AccountRegistrationTest - Clicked on Continue
21:30:54.318 [main] INFO  testCases.TC_001_AccountRegistrationTest - Validating expected message
21:30:54.324 [main] INFO  testCases.TC_001_AccountRegistrationTest - ***Finished TC_001_AccountRegistrationTest***
17:44:59.924 [main] INFO  testCases.TC_001_AccountRegistrationTest - ***Starting TC_001_AccountRegistrationTest***
17:45:00.003 [main] INFO  testCases.TC_001_AccountRegistrationTest - Click on My Account link
17:45:00.791 [main] INFO  testCases.TC_001_AccountRegistrationTest - Clicked on register link
17:45:00.797 [main] INFO  testCases.TC_001_AccountRegistrationTest - Providing Customer data
17:45:03.735 [main] INFO  testCases.TC_001_AccountRegistrationTest - Clicked on Continue
17:45:03.759 [main] INFO  testCases.TC_001_AccountRegistrationTest - Validating expected message
17:45:03.761 [main] INFO  testCases.TC_001_AccountRegistrationTest - ***Finished TC_001_AccountRegistrationTest***
17:46:24.836 [main] INFO  testCases.TC_002_LoginTest - ***Starting TC_002_LoginTest***
17:50:19.999 [main] INFO  testCases.TC_002_LoginTest - ***Starting TC_002_LoginTest***
17:50:20.084 [main] INFO  testCases.TC_002_LoginTest - clicked on my account link
17:50:20.357 [main] INFO  testCases.TC_002_LoginTest - CLicked on login menu of Dropdown
17:50:20.357 [main] INFO  testCases.TC_002_LoginTest - ***This is loginpage***
17:50:20.434 [main] INFO  testCases.TC_002_LoginTest - Entered email
17:50:20.488 [main] INFO  testCases.TC_002_LoginTest - Entered password
17:50:20.749 [main] INFO  testCases.TC_002_LoginTest - Clicked on Login Button
17:50:20.782 [main] INFO  testCases.TC_002_LoginTest - login test passed
17:50:20.783 [main] INFO  testCases.TC_002_LoginTest - ***Finished TC_002_LoginTest***
17:54:03.297 [main] INFO  testCases.TC_001_AccountRegistrationTest - ***Starting TC_001_AccountRegistrationTest***
17:54:03.360 [main] INFO  testCases.TC_001_AccountRegistrationTest - Click on My Account link
17:54:03.649 [main] INFO  testCases.TC_001_AccountRegistrationTest - Clicked on register link
17:54:03.653 [main] INFO  testCases.TC_001_AccountRegistrationTest - Providing Customer data
17:54:06.428 [main] INFO  testCases.TC_001_AccountRegistrationTest - Clicked on Continue
17:54:06.453 [main] INFO  testCases.TC_001_AccountRegistrationTest - Validating expected message
17:54:06.454 [main] INFO  testCases.TC_001_AccountRegistrationTest - ***Finished TC_001_AccountRegistrationTest***
18:03:43.579 [main] INFO  testCases.TC_001_AccountRegistrationTest - ***Starting TC_001_AccountRegistrationTest***
18:03:43.651 [main] INFO  testCases.TC_001_AccountRegistrationTest - Click on My Account link
18:03:43.954 [main] INFO  testCases.TC_001_AccountRegistrationTest - Clicked on register link
18:03:43.958 [main] INFO  testCases.TC_001_AccountRegistrationTest - Providing Customer data
18:03:46.686 [main] INFO  testCases.TC_001_AccountRegistrationTest - Clicked on Continue
18:03:46.715 [main] INFO  testCases.TC_001_AccountRegistrationTest - Validating expected message
18:03:46.717 [main] INFO  testCases.TC_001_AccountRegistrationTest - ***Finished TC_001_AccountRegistrationTest***
18:05:04.491 [main] INFO  testCases.TC_002_LoginTest - ***Starting TC_002_LoginTest***
18:05:04.561 [main] INFO  testCases.TC_002_LoginTest - clicked on my account link
18:05:04.816 [main] INFO  testCases.TC_002_LoginTest - CLicked on login menu of Dropdown
18:05:04.816 [main] INFO  testCases.TC_002_LoginTest - ***This is loginpage***
18:05:04.893 [main] INFO  testCases.TC_002_LoginTest - Entered email
18:05:04.948 [main] INFO  testCases.TC_002_LoginTest - Entered password
18:05:05.214 [main] INFO  testCases.TC_002_LoginTest - Clicked on Login Button
18:05:05.252 [main] INFO  testCases.TC_002_LoginTest - ***Finished TC_002_LoginTest***
18:06:44.541 [main] INFO  testCases.TC_001_AccountRegistrationTest - ***Starting TC_001_AccountRegistrationTest***
18:06:44.609 [main] INFO  testCases.TC_001_AccountRegistrationTest - Click on My Account link
18:06:44.935 [main] INFO  testCases.TC_001_AccountRegistrationTest - Clicked on register link
18:06:44.938 [main] INFO  testCases.TC_001_AccountRegistrationTest - Providing Customer data
18:06:47.707 [main] INFO  testCases.TC_001_AccountRegistrationTest - Clicked on Continue
18:06:47.735 [main] INFO  testCases.TC_001_AccountRegistrationTest - Validating expected message
18:06:47.737 [main] INFO  testCases.TC_001_AccountRegistrationTest - ***Finished TC_001_AccountRegistrationTest***
18:11:01.536 [main] INFO  testCases.TC_002_LoginTest - ***Starting TC_002_LoginTest***
18:11:01.631 [main] INFO  testCases.TC_002_LoginTest - clicked on my account link
18:11:01.993 [main] INFO  testCases.TC_002_LoginTest - CLicked on login menu of Dropdown
18:11:01.994 [main] INFO  testCases.TC_002_LoginTest - This is loginpage
18:11:02.085 [main] INFO  testCases.TC_002_LoginTest - Entered email
18:11:02.147 [main] INFO  testCases.TC_002_LoginTest - Entered password
18:11:02.523 [main] INFO  testCases.TC_002_LoginTest - Clicked on Login Button
18:11:02.586 [main] INFO  testCases.TC_002_LoginTest - ***Finished TC_002_LoginTest***
18:25:22.696 [main] INFO  testCases.TC_001_AccountRegistrationTest - ***Starting TC_001_AccountRegistrationTest***
18:25:22.805 [main] INFO  testCases.TC_001_AccountRegistrationTest - Click on My Account link
18:25:23.217 [main] INFO  testCases.TC_001_AccountRegistrationTest - Clicked on register link
18:25:23.220 [main] INFO  testCases.TC_001_AccountRegistrationTest - Providing Customer data
18:25:26.319 [main] INFO  testCases.TC_001_AccountRegistrationTest - Clicked on Continue
18:25:26.349 [main] INFO  testCases.TC_001_AccountRegistrationTest - Validating expected message
18:25:26.353 [main] INFO  testCases.TC_001_AccountRegistrationTest - ***Finished TC_001_AccountRegistrationTest***
18:36:32.656 [main] INFO  testCases.TC_001_AccountRegistrationTest - ***Starting TC_001_AccountRegistrationTest***
18:36:32.766 [main] INFO  testCases.TC_001_AccountRegistrationTest - Click on My Account link
18:36:33.152 [main] INFO  testCases.TC_001_AccountRegistrationTest - Clicked on register link
18:36:33.157 [main] INFO  testCases.TC_001_AccountRegistrationTest - Providing Customer data
18:36:36.164 [main] INFO  testCases.TC_001_AccountRegistrationTest - Clicked on Continue
18:36:36.194 [main] INFO  testCases.TC_001_AccountRegistrationTest - Validating expected message
18:36:36.197 [main] INFO  testCases.TC_001_AccountRegistrationTest - ***Finished TC_001_AccountRegistrationTest***
18:45:29.012 [main] INFO  testCases.TC_001_AccountRegistrationTest - ***Starting TC_001_AccountRegistrationTest***
18:45:29.141 [main] INFO  testCases.TC_001_AccountRegistrationTest - Click on My Account link
18:45:29.649 [main] INFO  testCases.TC_001_AccountRegistrationTest - Clicked on register link
18:45:29.657 [main] INFO  testCases.TC_001_AccountRegistrationTest - Providing Customer data
18:45:32.668 [main] INFO  testCases.TC_001_AccountRegistrationTest - Clicked on Continue
18:45:32.703 [main] INFO  testCases.TC_001_AccountRegistrationTest - Validating expected message
18:45:32.706 [main] INFO  testCases.TC_001_AccountRegistrationTest - ***Finished TC_001_AccountRegistrationTest***
18:46:45.054 [main] INFO  testCases.TC_001_AccountRegistrationTest - ***Starting TC_001_AccountRegistrationTest***
18:46:45.162 [main] INFO  testCases.TC_001_AccountRegistrationTest - Click on My Account link
18:46:45.541 [main] INFO  testCases.TC_001_AccountRegistrationTest - Clicked on register link
18:46:45.551 [main] INFO  testCases.TC_001_AccountRegistrationTest - Providing Customer data
18:46:48.566 [main] INFO  testCases.TC_001_AccountRegistrationTest - Clicked on Continue
18:46:48.601 [main] INFO  testCases.TC_001_AccountRegistrationTest - Validating expected message
18:46:48.605 [main] INFO  testCases.TC_001_AccountRegistrationTest - ***Finished TC_001_AccountRegistrationTest***
18:53:14.103 [main] INFO  testCases.TC_001_AccountRegistrationTest - ***Starting TC_001_AccountRegistrationTest***
18:53:14.211 [main] INFO  testCases.TC_001_AccountRegistrationTest - Click on My Account link
18:53:14.609 [main] INFO  testCases.TC_001_AccountRegistrationTest - Clicked on register link
18:53:14.611 [main] INFO  testCases.TC_001_AccountRegistrationTest - Providing Customer data
18:53:17.668 [main] INFO  testCases.TC_001_AccountRegistrationTest - Clicked on Continue
18:53:17.699 [main] INFO  testCases.TC_001_AccountRegistrationTest - Validating expected message
18:53:17.702 [main] INFO  testCases.TC_001_AccountRegistrationTest - ***Finished TC_001_AccountRegistrationTest***
18:54:39.073 [main] INFO  testCases.TC_001_AccountRegistrationTest - ***Starting TC_001_AccountRegistrationTest***
18:54:39.188 [main] INFO  testCases.TC_001_AccountRegistrationTest - Click on My Account link
18:54:39.612 [main] INFO  testCases.TC_001_AccountRegistrationTest - Clicked on register link
18:54:39.614 [main] INFO  testCases.TC_001_AccountRegistrationTest - Providing Customer data
18:54:42.607 [main] INFO  testCases.TC_001_AccountRegistrationTest - Clicked on Continue
18:54:42.640 [main] INFO  testCases.TC_001_AccountRegistrationTest - Validating expected message
18:54:42.645 [main] INFO  testCases.TC_001_AccountRegistrationTest - ***Finished TC_001_AccountRegistrationTest***
18:57:24.705 [main] INFO  testCases.TC_001_AccountRegistrationTest - ***Starting TC_001_AccountRegistrationTest***
18:57:24.811 [main] INFO  testCases.TC_001_AccountRegistrationTest - Click on My Account link
18:57:25.206 [main] INFO  testCases.TC_001_AccountRegistrationTest - Clicked on register link
18:57:25.210 [main] INFO  testCases.TC_001_AccountRegistrationTest - Providing Customer data
18:57:28.267 [main] INFO  testCases.TC_001_AccountRegistrationTest - Clicked on Continue
18:57:28.301 [main] INFO  testCases.TC_001_AccountRegistrationTest - Validating expected message
18:57:28.303 [main] INFO  testCases.TC_001_AccountRegistrationTest - ***Finished TC_001_AccountRegistrationTest***
18:57:51.026 [main] INFO  testCases.TC_002_LoginTest - ***Starting TC_002_LoginTest***
18:57:51.125 [main] INFO  testCases.TC_002_LoginTest - clicked on my account link
18:57:51.484 [main] INFO  testCases.TC_002_LoginTest - CLicked on login menu of Dropdown
18:57:51.485 [main] INFO  testCases.TC_002_LoginTest - This is loginpage
18:57:51.559 [main] INFO  testCases.TC_002_LoginTest - Entered email
18:57:51.615 [main] INFO  testCases.TC_002_LoginTest - Entered password
18:57:51.965 [main] INFO  testCases.TC_002_LoginTest - Clicked on Login Button
18:59:31.025 [main] INFO  testCases.TC_002_LoginTest - ***Starting TC_002_LoginTest***
18:59:31.131 [main] INFO  testCases.TC_002_LoginTest - clicked on my account link
18:59:31.511 [main] INFO  testCases.TC_002_LoginTest - CLicked on login menu of Dropdown
18:59:31.513 [main] INFO  testCases.TC_002_LoginTest - This is loginpage
18:59:31.594 [main] INFO  testCases.TC_002_LoginTest - Entered email
18:59:31.672 [main] INFO  testCases.TC_002_LoginTest - Entered password
18:59:32.015 [main] INFO  testCases.TC_002_LoginTest - Clicked on Login Button
18:59:59.865 [main] INFO  testCases.TC_001_AccountRegistrationTest - ***Starting TC_001_AccountRegistrationTest***
18:59:59.971 [main] INFO  testCases.TC_001_AccountRegistrationTest - Click on My Account link
19:00:00.368 [main] INFO  testCases.TC_001_AccountRegistrationTest - Clicked on register link
19:00:00.372 [main] INFO  testCases.TC_001_AccountRegistrationTest - Providing Customer data
19:00:03.464 [main] INFO  testCases.TC_001_AccountRegistrationTest - Clicked on Continue
19:00:03.494 [main] INFO  testCases.TC_001_AccountRegistrationTest - Validating expected message
19:00:03.498 [main] INFO  testCases.TC_001_AccountRegistrationTest - ***Finished TC_001_AccountRegistrationTest***
19:04:15.920 [main] INFO  testCases.TC_001_AccountRegistrationTest - ***Starting TC_001_AccountRegistrationTest***
19:04:16.034 [main] INFO  testCases.TC_001_AccountRegistrationTest - Click on My Account link
19:04:16.458 [main] INFO  testCases.TC_001_AccountRegistrationTest - Clicked on register link
19:04:16.463 [main] INFO  testCases.TC_001_AccountRegistrationTest - Providing Customer data
19:04:19.559 [main] INFO  testCases.TC_001_AccountRegistrationTest - Clicked on Continue
19:04:19.594 [main] INFO  testCases.TC_001_AccountRegistrationTest - Validating expected message
19:04:19.599 [main] INFO  testCases.TC_001_AccountRegistrationTest - ***Finished TC_001_AccountRegistrationTest***
19:04:22.254 [main] INFO  testCases.TC_002_LoginTest - ***Starting TC_002_LoginTest***
19:04:22.338 [main] INFO  testCases.TC_002_LoginTest - clicked on my account link
19:04:22.727 [main] INFO  testCases.TC_002_LoginTest - CLicked on login menu of Dropdown
19:04:22.728 [main] INFO  testCases.TC_002_LoginTest - This is loginpage
19:04:22.796 [main] INFO  testCases.TC_002_LoginTest - Entered email
19:04:22.852 [main] INFO  testCases.TC_002_LoginTest - Entered password
19:04:23.191 [main] INFO  testCases.TC_002_LoginTest - Clicked on Login Button
19:08:13.994 [main] INFO  testCases.TC_001_AccountRegistrationTest - ***Starting TC_001_AccountRegistrationTest***
19:08:14.106 [main] INFO  testCases.TC_001_AccountRegistrationTest - Click on My Account link
19:08:14.502 [main] INFO  testCases.TC_001_AccountRegistrationTest - Clicked on register link
19:08:14.507 [main] INFO  testCases.TC_001_AccountRegistrationTest - Providing Customer data
19:08:17.559 [main] INFO  testCases.TC_001_AccountRegistrationTest - Clicked on Continue
19:08:17.587 [main] INFO  testCases.TC_001_AccountRegistrationTest - Validating expected message
19:08:17.592 [main] INFO  testCases.TC_001_AccountRegistrationTest - ***Finished TC_001_AccountRegistrationTest***
19:08:20.531 [main] INFO  testCases.TC_002_LoginTest - ***Starting TC_002_LoginTest***
19:08:20.628 [main] INFO  testCases.TC_002_LoginTest - clicked on my account link
19:08:20.973 [main] INFO  testCases.TC_002_LoginTest - CLicked on login menu of Dropdown
19:08:20.977 [main] INFO  testCases.TC_002_LoginTest - This is loginpage
19:08:21.057 [main] INFO  testCases.TC_002_LoginTest - Entered email
19:08:21.112 [main] INFO  testCases.TC_002_LoginTest - Entered password
19:08:21.444 [main] INFO  testCases.TC_002_LoginTest - Clicked on Login Button
21:00:31.784 [main] INFO  testCases.TC_003_LoginDataDrivenTest - ***Starting TC_003_LoginDataDrivenTest***
21:00:32.318 [main] INFO  testCases.TC_003_LoginDataDrivenTest - This is loginpage
21:00:32.863 [main] INFO  testCases.TC_003_LoginDataDrivenTest - Clicked on Login Button
21:00:33.276 [main] INFO  testCases.TC_003_LoginDataDrivenTest - ***Finished Login Data driven test***
21:00:33.287 [main] INFO  testCases.TC_003_LoginDataDrivenTest - ***Starting TC_003_LoginDataDrivenTest***
21:00:33.644 [main] INFO  testCases.TC_003_LoginDataDrivenTest - This is loginpage
21:00:34.079 [main] INFO  testCases.TC_003_LoginDataDrivenTest - Clicked on Login Button
21:00:38.144 [main] INFO  testCases.TC_003_LoginDataDrivenTest - ***Finished Login Data driven test***
21:00:38.150 [main] INFO  testCases.TC_003_LoginDataDrivenTest - ***Starting TC_003_LoginDataDrivenTest***
21:00:38.529 [main] INFO  testCases.TC_003_LoginDataDrivenTest - This is loginpage
21:00:38.982 [main] INFO  testCases.TC_003_LoginDataDrivenTest - Clicked on Login Button
21:00:39.397 [main] INFO  testCases.TC_003_LoginDataDrivenTest - ***Finished Login Data driven test***
21:00:39.404 [main] INFO  testCases.TC_003_LoginDataDrivenTest - ***Starting TC_003_LoginDataDrivenTest***
21:00:39.744 [main] INFO  testCases.TC_003_LoginDataDrivenTest - This is loginpage
21:00:40.271 [main] INFO  testCases.TC_003_LoginDataDrivenTest - Clicked on Login Button
21:00:40.669 [main] INFO  testCases.TC_003_LoginDataDrivenTest - ***Starting TC_003_LoginDataDrivenTest***
21:00:41.126 [main] INFO  testCases.TC_003_LoginDataDrivenTest - This is loginpage
21:00:41.631 [main] INFO  testCases.TC_003_LoginDataDrivenTest - Clicked on Login Button
21:00:42.005 [main] INFO  testCases.TC_003_LoginDataDrivenTest - ***Finished Login Data driven test***
21:00:42.012 [main] INFO  testCases.TC_003_LoginDataDrivenTest - ***Starting TC_003_LoginDataDrivenTest***
21:00:42.375 [main] INFO  testCases.TC_003_LoginDataDrivenTest - This is loginpage
21:00:42.843 [main] INFO  testCases.TC_003_LoginDataDrivenTest - Clicked on Login Button
21:00:43.256 [main] INFO  testCases.TC_003_LoginDataDrivenTest - ***Finished Login Data driven test***
21:00:43.261 [main] INFO  testCases.TC_003_LoginDataDrivenTest - ***Starting TC_003_LoginDataDrivenTest***
21:00:43.678 [main] INFO  testCases.TC_003_LoginDataDrivenTest - This is loginpage
21:00:44.196 [main] INFO  testCases.TC_003_LoginDataDrivenTest - Clicked on Login Button
21:00:48.248 [main] INFO  testCases.TC_003_LoginDataDrivenTest - ***Finished Login Data driven test***
21:00:48.252 [main] INFO  testCases.TC_003_LoginDataDrivenTest - ***Starting TC_003_LoginDataDrivenTest***
21:00:48.637 [main] INFO  testCases.TC_003_LoginDataDrivenTest - This is loginpage
21:00:49.041 [main] INFO  testCases.TC_003_LoginDataDrivenTest - Clicked on Login Button
21:00:53.062 [main] INFO  testCases.TC_003_LoginDataDrivenTest - ***Finished Login Data driven test***
21:00:53.067 [main] INFO  testCases.TC_003_LoginDataDrivenTest - ***Starting TC_003_LoginDataDrivenTest***
21:00:53.509 [main] INFO  testCases.TC_003_LoginDataDrivenTest - This is loginpage
21:00:53.941 [main] INFO  testCases.TC_003_LoginDataDrivenTest - Clicked on Login Button
21:00:57.974 [main] INFO  testCases.TC_003_LoginDataDrivenTest - ***Finished Login Data driven test***
21:00:57.978 [main] INFO  testCases.TC_003_LoginDataDrivenTest - ***Starting TC_003_LoginDataDrivenTest***
21:00:58.377 [main] INFO  testCases.TC_003_LoginDataDrivenTest - This is loginpage
21:00:58.776 [main] INFO  testCases.TC_003_LoginDataDrivenTest - Clicked on Login Button
21:01:02.822 [main] INFO  testCases.TC_003_LoginDataDrivenTest - ***Finished Login Data driven test***
21:01:02.826 [main] INFO  testCases.TC_003_LoginDataDrivenTest - ***Starting TC_003_LoginDataDrivenTest***
21:01:03.221 [main] INFO  testCases.TC_003_LoginDataDrivenTest - This is loginpage
21:01:03.657 [main] INFO  testCases.TC_003_LoginDataDrivenTest - Clicked on Login Button
21:01:07.711 [main] INFO  testCases.TC_003_LoginDataDrivenTest - ***Finished Login Data driven test***
21:01:07.715 [main] INFO  testCases.TC_003_LoginDataDrivenTest - ***Starting TC_003_LoginDataDrivenTest***
21:01:08.107 [main] INFO  testCases.TC_003_LoginDataDrivenTest - This is loginpage
21:01:08.491 [main] INFO  testCases.TC_003_LoginDataDrivenTest - Clicked on Login Button
21:01:12.568 [main] INFO  testCases.TC_003_LoginDataDrivenTest - ***Finished Login Data driven test***
21:01:12.572 [main] INFO  testCases.TC_003_LoginDataDrivenTest - ***Starting TC_003_LoginDataDrivenTest***
21:01:12.973 [main] INFO  testCases.TC_003_LoginDataDrivenTest - This is loginpage
21:01:13.359 [main] INFO  testCases.TC_003_LoginDataDrivenTest - Clicked on Login Button
21:01:17.386 [main] INFO  testCases.TC_003_LoginDataDrivenTest - ***Finished Login Data driven test***
21:01:17.390 [main] INFO  testCases.TC_003_LoginDataDrivenTest - ***Starting TC_003_LoginDataDrivenTest***
21:01:17.786 [main] INFO  testCases.TC_003_LoginDataDrivenTest - This is loginpage
21:01:18.138 [main] INFO  testCases.TC_003_LoginDataDrivenTest - Clicked on Login Button
21:01:22.183 [main] INFO  testCases.TC_003_LoginDataDrivenTest - ***Finished Login Data driven test***
21:01:22.186 [main] INFO  testCases.TC_003_LoginDataDrivenTest - ***Starting TC_003_LoginDataDrivenTest***
21:01:22.506 [main] INFO  testCases.TC_003_LoginDataDrivenTest - This is loginpage
21:01:22.862 [main] INFO  testCases.TC_003_LoginDataDrivenTest - Clicked on Login Button
21:01:26.876 [main] INFO  testCases.TC_003_LoginDataDrivenTest - ***Finished Login Data driven test***
21:01:26.881 [main] INFO  testCases.TC_003_LoginDataDrivenTest - ***Starting TC_003_LoginDataDrivenTest***
21:01:27.314 [main] INFO  testCases.TC_003_LoginDataDrivenTest - This is loginpage
21:01:27.657 [main] INFO  testCases.TC_003_LoginDataDrivenTest - Clicked on Login Button
21:03:18.313 [main] INFO  testCases.TC_003_LoginDataDrivenTest - ***Starting TC_003_LoginDataDrivenTest***
21:03:18.968 [main] INFO  testCases.TC_003_LoginDataDrivenTest - This is loginpage
21:03:19.603 [main] INFO  testCases.TC_003_LoginDataDrivenTest - Clicked on Login Button
21:03:20.118 [main] INFO  testCases.TC_003_LoginDataDrivenTest - ***Finished Login Data driven test***
21:03:20.126 [main] INFO  testCases.TC_003_LoginDataDrivenTest - ***Starting TC_003_LoginDataDrivenTest***
21:03:20.678 [main] INFO  testCases.TC_003_LoginDataDrivenTest - This is loginpage
21:03:21.201 [main] INFO  testCases.TC_003_LoginDataDrivenTest - Clicked on Login Button
21:03:25.220 [main] INFO  testCases.TC_003_LoginDataDrivenTest - ***Finished Login Data driven test***
21:03:25.224 [main] INFO  testCases.TC_003_LoginDataDrivenTest - ***Starting TC_003_LoginDataDrivenTest***
21:03:25.749 [main] INFO  testCases.TC_003_LoginDataDrivenTest - This is loginpage
21:03:26.315 [main] INFO  testCases.TC_003_LoginDataDrivenTest - Clicked on Login Button
21:03:26.811 [main] INFO  testCases.TC_003_LoginDataDrivenTest - ***Finished Login Data driven test***
21:03:26.814 [main] INFO  testCases.TC_003_LoginDataDrivenTest - ***Starting TC_003_LoginDataDrivenTest***
21:03:27.255 [main] INFO  testCases.TC_003_LoginDataDrivenTest - This is loginpage
21:03:27.898 [main] INFO  testCases.TC_003_LoginDataDrivenTest - Clicked on Login Button
21:03:28.432 [main] INFO  testCases.TC_003_LoginDataDrivenTest - ***Starting TC_003_LoginDataDrivenTest***
21:03:28.953 [main] INFO  testCases.TC_003_LoginDataDrivenTest - This is loginpage
21:03:29.541 [main] INFO  testCases.TC_003_LoginDataDrivenTest - Clicked on Login Button
21:03:29.988 [main] INFO  testCases.TC_003_LoginDataDrivenTest - ***Finished Login Data driven test***
21:03:30.004 [main] INFO  testCases.TC_003_LoginDataDrivenTest - ***Starting TC_003_LoginDataDrivenTest***
21:03:30.453 [main] INFO  testCases.TC_003_LoginDataDrivenTest - This is loginpage
21:03:31.011 [main] INFO  testCases.TC_003_LoginDataDrivenTest - Clicked on Login Button
21:03:31.514 [main] INFO  testCases.TC_003_LoginDataDrivenTest - ***Finished Login Data driven test***
21:03:31.519 [main] INFO  testCases.TC_003_LoginDataDrivenTest - ***Starting TC_003_LoginDataDrivenTest***
21:03:31.962 [main] INFO  testCases.TC_003_LoginDataDrivenTest - This is loginpage
21:03:32.535 [main] INFO  testCases.TC_003_LoginDataDrivenTest - Clicked on Login Button
21:03:36.609 [main] INFO  testCases.TC_003_LoginDataDrivenTest - ***Finished Login Data driven test***
21:03:36.613 [main] INFO  testCases.TC_003_LoginDataDrivenTest - ***Starting TC_003_LoginDataDrivenTest***
21:03:37.112 [main] INFO  testCases.TC_003_LoginDataDrivenTest - This is loginpage
21:03:37.583 [main] INFO  testCases.TC_003_LoginDataDrivenTest - Clicked on Login Button
21:03:41.615 [main] INFO  testCases.TC_003_LoginDataDrivenTest - ***Finished Login Data driven test***
21:03:41.618 [main] INFO  testCases.TC_003_LoginDataDrivenTest - ***Starting TC_003_LoginDataDrivenTest***
21:03:42.056 [main] INFO  testCases.TC_003_LoginDataDrivenTest - This is loginpage
21:03:42.537 [main] INFO  testCases.TC_003_LoginDataDrivenTest - Clicked on Login Button
21:03:46.581 [main] INFO  testCases.TC_003_LoginDataDrivenTest - ***Finished Login Data driven test***
21:03:46.584 [main] INFO  testCases.TC_003_LoginDataDrivenTest - ***Starting TC_003_LoginDataDrivenTest***
21:03:47.055 [main] INFO  testCases.TC_003_LoginDataDrivenTest - This is loginpage
21:03:47.495 [main] INFO  testCases.TC_003_LoginDataDrivenTest - Clicked on Login Button
21:03:51.553 [main] INFO  testCases.TC_003_LoginDataDrivenTest - ***Finished Login Data driven test***
21:03:51.558 [main] INFO  testCases.TC_003_LoginDataDrivenTest - ***Starting TC_003_LoginDataDrivenTest***
21:03:52.062 [main] INFO  testCases.TC_003_LoginDataDrivenTest - This is loginpage
21:03:52.518 [main] INFO  testCases.TC_003_LoginDataDrivenTest - Clicked on Login Button
21:03:56.554 [main] INFO  testCases.TC_003_LoginDataDrivenTest - ***Finished Login Data driven test***
21:03:56.557 [main] INFO  testCases.TC_003_LoginDataDrivenTest - ***Starting TC_003_LoginDataDrivenTest***
21:03:56.997 [main] INFO  testCases.TC_003_LoginDataDrivenTest - This is loginpage
21:03:57.423 [main] INFO  testCases.TC_003_LoginDataDrivenTest - Clicked on Login Button
21:04:01.506 [main] INFO  testCases.TC_003_LoginDataDrivenTest - ***Finished Login Data driven test***
21:04:01.508 [main] INFO  testCases.TC_003_LoginDataDrivenTest - ***Starting TC_003_LoginDataDrivenTest***
21:04:01.965 [main] INFO  testCases.TC_003_LoginDataDrivenTest - This is loginpage
21:04:02.401 [main] INFO  testCases.TC_003_LoginDataDrivenTest - Clicked on Login Button
21:04:06.449 [main] INFO  testCases.TC_003_LoginDataDrivenTest - ***Finished Login Data driven test***
21:04:06.451 [main] INFO  testCases.TC_003_LoginDataDrivenTest - ***Starting TC_003_LoginDataDrivenTest***
21:04:06.946 [main] INFO  testCases.TC_003_LoginDataDrivenTest - This is loginpage
21:04:07.381 [main] INFO  testCases.TC_003_LoginDataDrivenTest - Clicked on Login Button
21:04:11.408 [main] INFO  testCases.TC_003_LoginDataDrivenTest - ***Finished Login Data driven test***
21:04:11.409 [main] INFO  testCases.TC_003_LoginDataDrivenTest - ***Starting TC_003_LoginDataDrivenTest***
21:04:11.873 [main] INFO  testCases.TC_003_LoginDataDrivenTest - This is loginpage
21:04:12.297 [main] INFO  testCases.TC_003_LoginDataDrivenTest - Clicked on Login Button
21:04:16.315 [main] INFO  testCases.TC_003_LoginDataDrivenTest - ***Finished Login Data driven test***
21:04:16.318 [main] INFO  testCases.TC_003_LoginDataDrivenTest - ***Starting TC_003_LoginDataDrivenTest***
21:04:16.896 [main] INFO  testCases.TC_003_LoginDataDrivenTest - This is loginpage
21:04:17.373 [main] INFO  testCases.TC_003_LoginDataDrivenTest - Clicked on Login Button
21:04:21.394 [main] INFO  testCases.TC_003_LoginDataDrivenTest - ***Finished Login Data driven test***
21:06:35.032 [main] INFO  testCases.TC_003_LoginDataDrivenTest - ***Starting TC_003_LoginDataDrivenTest***
21:06:35.613 [main] INFO  testCases.TC_003_LoginDataDrivenTest - This is loginpage
21:06:36.227 [main] INFO  testCases.TC_003_LoginDataDrivenTest - Clicked on Login Button
21:06:36.804 [main] INFO  testCases.TC_003_LoginDataDrivenTest - ***Finished Login Data driven test***
21:06:36.810 [main] INFO  testCases.TC_003_LoginDataDrivenTest - ***Starting TC_003_LoginDataDrivenTest***
21:06:37.242 [main] INFO  testCases.TC_003_LoginDataDrivenTest - This is loginpage
21:06:37.771 [main] INFO  testCases.TC_003_LoginDataDrivenTest - Clicked on Login Button
21:06:41.800 [main] INFO  testCases.TC_003_LoginDataDrivenTest - ***Finished Login Data driven test***
21:06:41.808 [main] INFO  testCases.TC_003_LoginDataDrivenTest - ***Starting TC_003_LoginDataDrivenTest***
21:06:42.283 [main] INFO  testCases.TC_003_LoginDataDrivenTest - This is loginpage
21:06:42.889 [main] INFO  testCases.TC_003_LoginDataDrivenTest - Clicked on Login Button
21:06:43.357 [main] INFO  testCases.TC_003_LoginDataDrivenTest - ***Finished Login Data driven test***
21:06:43.362 [main] INFO  testCases.TC_003_LoginDataDrivenTest - ***Starting TC_003_LoginDataDrivenTest***
21:06:43.822 [main] INFO  testCases.TC_003_LoginDataDrivenTest - This is loginpage
21:06:44.423 [main] INFO  testCases.TC_003_LoginDataDrivenTest - Clicked on Login Button
21:06:44.905 [main] INFO  testCases.TC_003_LoginDataDrivenTest - ***Starting TC_003_LoginDataDrivenTest***
21:06:45.403 [main] INFO  testCases.TC_003_LoginDataDrivenTest - This is loginpage
21:06:45.973 [main] INFO  testCases.TC_003_LoginDataDrivenTest - Clicked on Login Button
21:06:46.436 [main] INFO  testCases.TC_003_LoginDataDrivenTest - ***Finished Login Data driven test***
21:06:46.440 [main] INFO  testCases.TC_003_LoginDataDrivenTest - ***Starting TC_003_LoginDataDrivenTest***
21:06:46.891 [main] INFO  testCases.TC_003_LoginDataDrivenTest - This is loginpage
21:06:47.424 [main] INFO  testCases.TC_003_LoginDataDrivenTest - Clicked on Login Button
21:06:47.891 [main] INFO  testCases.TC_003_LoginDataDrivenTest - ***Finished Login Data driven test***
21:06:47.896 [main] INFO  testCases.TC_003_LoginDataDrivenTest - ***Starting TC_003_LoginDataDrivenTest***
21:06:48.544 [main] INFO  testCases.TC_003_LoginDataDrivenTest - This is loginpage
21:06:49.046 [main] INFO  testCases.TC_003_LoginDataDrivenTest - Clicked on Login Button
21:06:53.094 [main] INFO  testCases.TC_003_LoginDataDrivenTest - ***Finished Login Data driven test***
14:39:05.373 [main] INFO  testCases.TC_003_LoginDataDrivenTest - ***Starting TC_003_LoginDataDrivenTest***
14:39:06.125 [main] INFO  testCases.TC_003_LoginDataDrivenTest - This is loginpage
14:39:06.879 [main] INFO  testCases.TC_003_LoginDataDrivenTest - Clicked on Login Button
14:39:07.432 [main] INFO  testCases.TC_003_LoginDataDrivenTest - ***Finished Login Data driven test***
14:39:07.438 [main] INFO  testCases.TC_003_LoginDataDrivenTest - ***Starting TC_003_LoginDataDrivenTest***
14:39:07.820 [main] INFO  testCases.TC_003_LoginDataDrivenTest - This is loginpage
14:39:08.319 [main] INFO  testCases.TC_003_LoginDataDrivenTest - Clicked on Login Button
14:39:12.349 [main] INFO  testCases.TC_003_LoginDataDrivenTest - ***Finished Login Data driven test***
14:39:12.354 [main] INFO  testCases.TC_003_LoginDataDrivenTest - ***Starting TC_003_LoginDataDrivenTest***
14:39:12.753 [main] INFO  testCases.TC_003_LoginDataDrivenTest - This is loginpage
14:39:13.378 [main] INFO  testCases.TC_003_LoginDataDrivenTest - Clicked on Login Button
14:39:13.863 [main] INFO  testCases.TC_003_LoginDataDrivenTest - ***Finished Login Data driven test***
14:39:13.865 [main] INFO  testCases.TC_003_LoginDataDrivenTest - ***Starting TC_003_LoginDataDrivenTest***
14:39:14.213 [main] INFO  testCases.TC_003_LoginDataDrivenTest - This is loginpage
14:39:14.660 [main] INFO  testCases.TC_003_LoginDataDrivenTest - Clicked on Login Button
14:39:15.060 [main] INFO  testCases.TC_003_LoginDataDrivenTest - ***Starting TC_003_LoginDataDrivenTest***
14:39:15.472 [main] INFO  testCases.TC_003_LoginDataDrivenTest - This is loginpage
14:39:16.000 [main] INFO  testCases.TC_003_LoginDataDrivenTest - Clicked on Login Button
14:39:16.410 [main] INFO  testCases.TC_003_LoginDataDrivenTest - ***Finished Login Data driven test***
14:39:16.422 [main] INFO  testCases.TC_003_LoginDataDrivenTest - ***Starting TC_003_LoginDataDrivenTest***
14:39:16.776 [main] INFO  testCases.TC_003_LoginDataDrivenTest - This is loginpage
14:39:17.272 [main] INFO  testCases.TC_003_LoginDataDrivenTest - Clicked on Login Button
14:39:17.629 [main] INFO  testCases.TC_003_LoginDataDrivenTest - ***Finished Login Data driven test***
14:39:17.634 [main] INFO  testCases.TC_003_LoginDataDrivenTest - ***Starting TC_003_LoginDataDrivenTest***
14:39:17.970 [main] INFO  testCases.TC_003_LoginDataDrivenTest - This is loginpage
14:39:18.427 [main] INFO  testCases.TC_003_LoginDataDrivenTest - Clicked on Login Button
14:39:22.449 [main] INFO  testCases.TC_003_LoginDataDrivenTest - ***Finished Login Data driven test***
15:17:08.457 [main] INFO  testCases.TC_002_LoginTest - ***Starting TC_002_LoginTest***
15:17:08.572 [main] INFO  testCases.TC_002_LoginTest - clicked on my account link
15:17:08.984 [main] INFO  testCases.TC_002_LoginTest - CLicked on login menu of Dropdown
15:17:08.989 [main] INFO  testCases.TC_002_LoginTest - This is loginpage
15:17:09.071 [main] INFO  testCases.TC_002_LoginTest - Entered email
15:17:09.135 [main] INFO  testCases.TC_002_LoginTest - Entered password
15:17:09.530 [main] INFO  testCases.TC_002_LoginTest - Clicked on Login Button
19:57:41.684 [main] INFO  testCases.TC_002_LoginTest - ***Starting TC_002_LoginTest***
19:57:41.821 [main] INFO  testCases.TC_002_LoginTest - clicked on my account link
19:57:42.582 [main] INFO  testCases.TC_002_LoginTest - CLicked on login menu of Dropdown
19:57:42.590 [main] INFO  testCases.TC_002_LoginTest - This is loginpage
19:57:42.684 [main] INFO  testCases.TC_002_LoginTest - Entered email
19:57:42.752 [main] INFO  testCases.TC_002_LoginTest - Entered password
19:57:43.472 [main] INFO  testCases.TC_002_LoginTest - Clicked on Login Button
20:13:58.062 [main] INFO  testCases.TC_002_LoginTest - ***Starting TC_002_LoginTest***
20:13:58.174 [main] INFO  testCases.TC_002_LoginTest - clicked on my account link
20:13:58.608 [main] INFO  testCases.TC_002_LoginTest - CLicked on login menu of Dropdown
20:13:58.617 [main] INFO  testCases.TC_002_LoginTest - This is loginpage
20:13:58.703 [main] INFO  testCases.TC_002_LoginTest - Entered email
20:13:58.769 [main] INFO  testCases.TC_002_LoginTest - Entered password
20:13:59.236 [main] INFO  testCases.TC_002_LoginTest - Clicked on Login Button
20:17:50.137 [main] INFO  testCases.TC_001_AccountRegistrationTest - ***Starting TC_001_AccountRegistrationTest***
20:17:50.226 [main] INFO  testCases.TC_001_AccountRegistrationTest - Click on My Account link
20:17:50.934 [main] INFO  testCases.TC_001_AccountRegistrationTest - Clicked on register link
20:17:50.939 [main] INFO  testCases.TC_001_AccountRegistrationTest - Providing Customer data
20:17:54.276 [main] INFO  testCases.TC_001_AccountRegistrationTest - Clicked on Continue
20:17:54.311 [main] INFO  testCases.TC_001_AccountRegistrationTest - Validating expected message
20:17:54.314 [main] INFO  testCases.TC_001_AccountRegistrationTest - ***Finished TC_001_AccountRegistrationTest***
20:20:32.690 [main] INFO  testCases.TC_001_AccountRegistrationTest - ***Starting TC_001_AccountRegistrationTest***
20:20:32.802 [main] INFO  testCases.TC_001_AccountRegistrationTest - Click on My Account link
20:20:33.290 [main] INFO  testCases.TC_001_AccountRegistrationTest - Clicked on register link
20:20:33.293 [main] INFO  testCases.TC_001_AccountRegistrationTest - Providing Customer data
20:20:36.422 [main] INFO  testCases.TC_001_AccountRegistrationTest - Clicked on Continue
20:20:36.455 [main] INFO  testCases.TC_001_AccountRegistrationTest - Validating expected message
20:20:36.458 [main] INFO  testCases.TC_001_AccountRegistrationTest - ***Finished TC_001_AccountRegistrationTest***
20:21:54.286 [main] INFO  testCases.TC_001_AccountRegistrationTest - ***Starting TC_001_AccountRegistrationTest***
20:21:54.368 [main] INFO  testCases.TC_001_AccountRegistrationTest - Click on My Account link
20:21:54.842 [main] INFO  testCases.TC_001_AccountRegistrationTest - Clicked on register link
20:21:54.847 [main] INFO  testCases.TC_001_AccountRegistrationTest - Providing Customer data
20:21:57.938 [main] INFO  testCases.TC_001_AccountRegistrationTest - Clicked on Continue
20:21:57.973 [main] INFO  testCases.TC_001_AccountRegistrationTest - Validating expected message
20:21:57.977 [main] INFO  testCases.TC_001_AccountRegistrationTest - ***Finished TC_001_AccountRegistrationTest***
20:23:26.151 [main] INFO  testCases.TC_002_LoginTest - ***Starting TC_002_LoginTest***
20:23:26.261 [main] INFO  testCases.TC_002_LoginTest - clicked on my account link
20:23:26.692 [main] INFO  testCases.TC_002_LoginTest - CLicked on login menu of Dropdown
20:23:26.701 [main] INFO  testCases.TC_002_LoginTest - This is loginpage
20:23:26.782 [main] INFO  testCases.TC_002_LoginTest - Entered email
20:23:26.854 [main] INFO  testCases.TC_002_LoginTest - Entered password
20:23:27.335 [main] INFO  testCases.TC_002_LoginTest - Clicked on Login Button
20:46:29.332 [main] INFO  testCases.TC_001_AccountRegistrationTest - ***Starting TC_001_AccountRegistrationTest***
20:46:29.457 [main] INFO  testCases.TC_001_AccountRegistrationTest - Click on My Account link
20:46:30.006 [main] INFO  testCases.TC_001_AccountRegistrationTest - Clicked on register link
20:46:30.019 [main] INFO  testCases.TC_001_AccountRegistrationTest - Providing Customer data
20:46:33.254 [main] INFO  testCases.TC_001_AccountRegistrationTest - Clicked on Continue
20:46:33.287 [main] INFO  testCases.TC_001_AccountRegistrationTest - Validating expected message
20:46:33.290 [main] INFO  testCases.TC_001_AccountRegistrationTest - ***Finished TC_001_AccountRegistrationTest***
20:46:36.332 [main] INFO  testCases.TC_002_LoginTest - ***Starting TC_002_LoginTest***
20:46:36.424 [main] INFO  testCases.TC_002_LoginTest - clicked on my account link
20:46:36.863 [main] INFO  testCases.TC_002_LoginTest - CLicked on login menu of Dropdown
20:46:36.872 [main] INFO  testCases.TC_002_LoginTest - This is loginpage
20:46:36.938 [main] INFO  testCases.TC_002_LoginTest - Entered email
20:46:36.998 [main] INFO  testCases.TC_002_LoginTest - Entered password
20:46:37.451 [main] INFO  testCases.TC_002_LoginTest - Clicked on Login Button
20:48:59.962 [main] INFO  testCases.TC_002_LoginTest - ***Starting TC_002_LoginTest***
20:49:00.068 [main] INFO  testCases.TC_002_LoginTest - clicked on my account link
20:49:00.514 [main] INFO  testCases.TC_002_LoginTest - CLicked on login menu of Dropdown
20:49:00.518 [main] INFO  testCases.TC_002_LoginTest - This is loginpage
20:49:00.593 [main] INFO  testCases.TC_002_LoginTest - Entered email
20:49:00.647 [main] INFO  testCases.TC_002_LoginTest - Entered password
20:49:01.074 [main] INFO  testCases.TC_002_LoginTest - Clicked on Login Button
20:50:09.442 [main] INFO  testCases.TC_001_AccountRegistrationTest - ***Starting TC_001_AccountRegistrationTest***
20:50:09.547 [main] INFO  testCases.TC_001_AccountRegistrationTest - Click on My Account link
20:50:10.044 [main] INFO  testCases.TC_001_AccountRegistrationTest - Clicked on register link
20:50:10.050 [main] INFO  testCases.TC_001_AccountRegistrationTest - Providing Customer data
20:50:13.196 [main] INFO  testCases.TC_001_AccountRegistrationTest - Clicked on Continue
20:50:13.231 [main] INFO  testCases.TC_001_AccountRegistrationTest - Validating expected message
20:50:13.235 [main] INFO  testCases.TC_001_AccountRegistrationTest - ***Finished TC_001_AccountRegistrationTest***
20:53:09.390 [main] INFO  testCases.TC_002_LoginTest - ***Starting TC_002_LoginTest***
20:53:09.535 [main] INFO  testCases.TC_002_LoginTest - clicked on my account link
20:53:09.971 [main] INFO  testCases.TC_002_LoginTest - CLicked on login menu of Dropdown
20:53:09.982 [main] INFO  testCases.TC_002_LoginTest - This is loginpage
20:53:10.072 [main] INFO  testCases.TC_002_LoginTest - Entered email
20:53:10.141 [main] INFO  testCases.TC_002_LoginTest - Entered password
20:53:10.622 [main] INFO  testCases.TC_002_LoginTest - Clicked on Login Button
20:53:50.204 [main] INFO  testCases.TC_001_AccountRegistrationTest - ***Starting TC_001_AccountRegistrationTest***
20:53:50.345 [main] INFO  testCases.TC_001_AccountRegistrationTest - Click on My Account link
20:53:50.826 [main] INFO  testCases.TC_001_AccountRegistrationTest - Clicked on register link
20:53:50.830 [main] INFO  testCases.TC_001_AccountRegistrationTest - Providing Customer data
20:53:53.971 [main] INFO  testCases.TC_001_AccountRegistrationTest - Clicked on Continue
20:53:54.004 [main] INFO  testCases.TC_001_AccountRegistrationTest - Validating expected message
20:53:54.007 [main] INFO  testCases.TC_001_AccountRegistrationTest - ***Finished TC_001_AccountRegistrationTest***
19:50:01.054 [main] INFO  testCases.TC_001_AccountRegistrationTest - ***Starting TC_001_AccountRegistrationTest***
19:50:01.135 [main] INFO  testCases.TC_001_AccountRegistrationTest - Click on My Account link
19:50:01.732 [main] INFO  testCases.TC_001_AccountRegistrationTest - Clicked on register link
19:50:01.736 [main] INFO  testCases.TC_001_AccountRegistrationTest - Providing Customer data
19:50:04.728 [main] INFO  testCases.TC_001_AccountRegistrationTest - Clicked on Continue
19:50:04.757 [main] INFO  testCases.TC_001_AccountRegistrationTest - Validating expected message
19:50:04.758 [main] INFO  testCases.TC_001_AccountRegistrationTest - ***Finished TC_001_AccountRegistrationTest***
19:59:34.666 [main] INFO  testCases.TC_001_AccountRegistrationTest - ***Starting TC_001_AccountRegistrationTest***
19:59:34.741 [main] INFO  testCases.TC_001_AccountRegistrationTest - Click on My Account link
19:59:35.045 [main] INFO  testCases.TC_001_AccountRegistrationTest - Clicked on register link
19:59:35.048 [main] INFO  testCases.TC_001_AccountRegistrationTest - Providing Customer data
19:59:37.764 [main] INFO  testCases.TC_001_AccountRegistrationTest - Clicked on Continue
19:59:37.789 [main] INFO  testCases.TC_001_AccountRegistrationTest - Validating expected message
19:59:37.791 [main] INFO  testCases.TC_001_AccountRegistrationTest - ***Finished TC_001_AccountRegistrationTest***
20:00:58.681 [main] INFO  testCases.TC_001_AccountRegistrationTest - ***Starting TC_001_AccountRegistrationTest***
20:00:58.757 [main] INFO  testCases.TC_001_AccountRegistrationTest - Click on My Account link
20:00:59.057 [main] INFO  testCases.TC_001_AccountRegistrationTest - Clicked on register link
20:00:59.062 [main] INFO  testCases.TC_001_AccountRegistrationTest - Providing Customer data
20:01:01.791 [main] INFO  testCases.TC_001_AccountRegistrationTest - Clicked on Continue
20:01:01.817 [main] INFO  testCases.TC_001_AccountRegistrationTest - Validating expected message
20:01:01.819 [main] INFO  testCases.TC_001_AccountRegistrationTest - ***Finished TC_001_AccountRegistrationTest***
20:03:09.916 [main] INFO  testCases.TC_001_AccountRegistrationTest - ***Starting TC_001_AccountRegistrationTest***
20:03:09.982 [main] INFO  testCases.TC_001_AccountRegistrationTest - Click on My Account link
20:03:10.265 [main] INFO  testCases.TC_001_AccountRegistrationTest - Clicked on register link
20:03:10.268 [main] INFO  testCases.TC_001_AccountRegistrationTest - Providing Customer data
20:03:13.001 [main] INFO  testCases.TC_001_AccountRegistrationTest - Clicked on Continue
20:03:13.023 [main] INFO  testCases.TC_001_AccountRegistrationTest - Validating expected message
20:03:13.025 [main] INFO  testCases.TC_001_AccountRegistrationTest - ***Finished TC_001_AccountRegistrationTest***
20:07:57.876 [main] INFO  testCases.TC_001_AccountRegistrationTest - ***Starting TC_001_AccountRegistrationTest***
20:07:57.939 [main] INFO  testCases.TC_001_AccountRegistrationTest - Click on My Account link
20:07:58.240 [main] INFO  testCases.TC_001_AccountRegistrationTest - Clicked on register link
20:07:58.243 [main] INFO  testCases.TC_001_AccountRegistrationTest - Providing Customer data
20:08:00.961 [main] INFO  testCases.TC_001_AccountRegistrationTest - Clicked on Continue
20:08:00.989 [main] INFO  testCases.TC_001_AccountRegistrationTest - Validating expected message
20:08:00.992 [main] INFO  testCases.TC_001_AccountRegistrationTest - ***Finished TC_001_AccountRegistrationTest***
20:08:23.841 [main] INFO  testCases.TC_001_AccountRegistrationTest - ***Starting TC_001_AccountRegistrationTest***
20:08:23.918 [main] INFO  testCases.TC_001_AccountRegistrationTest - Click on My Account link
20:08:24.208 [main] INFO  testCases.TC_001_AccountRegistrationTest - Clicked on register link
20:08:24.216 [main] INFO  testCases.TC_001_AccountRegistrationTest - Providing Customer data
20:08:26.939 [main] INFO  testCases.TC_001_AccountRegistrationTest - Clicked on Continue
20:08:26.966 [main] INFO  testCases.TC_001_AccountRegistrationTest - Validating expected message
20:08:26.967 [main] INFO  testCases.TC_001_AccountRegistrationTest - ***Finished TC_001_AccountRegistrationTest***
20:16:17.103 [main] INFO  testCases.TC_001_AccountRegistrationTest - ***Starting TC_001_AccountRegistrationTest***
20:16:17.181 [main] INFO  testCases.TC_001_AccountRegistrationTest - Click on My Account link
20:16:17.469 [main] INFO  testCases.TC_001_AccountRegistrationTest - Clicked on register link
20:16:17.472 [main] INFO  testCases.TC_001_AccountRegistrationTest - Providing Customer data
20:16:20.217 [main] INFO  testCases.TC_001_AccountRegistrationTest - Clicked on Continue
20:16:20.243 [main] INFO  testCases.TC_001_AccountRegistrationTest - Validating expected message
20:16:20.245 [main] INFO  testCases.TC_001_AccountRegistrationTest - ***Finished TC_001_AccountRegistrationTest***
20:17:01.608 [main] INFO  testCases.TC_001_AccountRegistrationTest - ***Starting TC_001_AccountRegistrationTest***
20:17:01.671 [main] INFO  testCases.TC_001_AccountRegistrationTest - Click on My Account link
20:17:01.983 [main] INFO  testCases.TC_001_AccountRegistrationTest - Clicked on register link
20:17:01.986 [main] INFO  testCases.TC_001_AccountRegistrationTest - Providing Customer data
20:17:04.737 [main] INFO  testCases.TC_001_AccountRegistrationTest - Clicked on Continue
